# JRE version: Java(TM) SE Runtime Environment (8.0_92-b14) (build 1.8.0_92-b14)
# Java VM: Java HotSpot(TM) 64-Bit Server VM (25.92-b14 mixed mode bsd-amd64 compressed oops)
Heap:
 PSYoungGen      total 52224K, used 28788K [0x000000076ab00000, 0x000000076e480000, 0x00000007c0000000)
  eden space 46592K, 54% used [0x000000076ab00000,0x000000076c3c85d8,0x000000076d880000)
  from space 5632K, 60% used [0x000000076d900000,0x000000076dc54cf0,0x000000076de80000)
  to   space 6144K, 0% used [0x000000076de80000,0x000000076de80000,0x000000076e480000)
 ParOldGen       total 175104K, used 6606K [0x00000006c0000000, 0x00000006cab00000, 0x000000076ab00000)
  object space 175104K, 3% used [0x00000006c0000000,0x00000006c0673ad0,0x00000006cab00000)
 Metaspace       used 17650K, capacity 17948K, committed 18048K, reserved 1064960K
  class space    used 1825K, capacity 1902K, committed 1920K, reserved 1048576K
GC Heap History (10 events):
Event: 40.720 GC heap before
{Heap before GC invocations=19 (full 0):
 PSYoungGen      total 55296K, used 51067K [0x000000076ab00000, 0x000000076e900000, 0x00000007c0000000)
  eden space 50176K, 100% used [0x000000076ab00000,0x000000076dc00000,0x000000076dc00000)
  from space 5120K, 17% used [0x000000076e400000,0x000000076e4dee70,0x000000076e900000)
  to   space 6656K, 0% used [0x000000076dc00000,0x000000076dc00000,0x000000076e280000)
 ParOldGen       total 175104K, used 5269K [0x00000006c0000000, 0x00000006cab00000, 0x000000076ab00000)
  object space 175104K, 3% used [0x00000006c0000000,0x00000006c0525518,0x00000006cab00000)
 Metaspace       used 17644K, capacity 17948K, committed 18048K, reserved 1064960K
  class space    used 1825K, capacity 1902K, committed 1920K, reserved 1048576K
Event: 40.721 GC heap after
Heap after GC invocations=19 (full 0):
 PSYoungGen      total 49664K, used 507K [0x000000076ab00000, 0x000000076e800000, 0x00000007c0000000)
  eden space 49152K, 0% used [0x000000076ab00000,0x000000076ab00000,0x000000076db00000)
  from space 512K, 99% used [0x000000076dc00000,0x000000076dc7ed60,0x000000076dc80000)
  to   space 6656K, 0% used [0x000000076e180000,0x000000076e180000,0x000000076e800000)
 ParOldGen       total 175104K, used 5709K [0x00000006c0000000, 0x00000006cab00000, 0x000000076ab00000)
  object space 175104K, 3% used [0x00000006c0000000,0x00000006c05937e8,0x00000006cab00000)
 Metaspace       used 17644K, capacity 17948K, committed 18048K, reserved 1064960K
  class space    used 1825K, capacity 1902K, committed 1920K, reserved 1048576K
}
Event: 41.644 GC heap before
{Heap before GC invocations=20 (full 0):
 PSYoungGen      total 49664K, used 49659K [0x000000076ab00000, 0x000000076e800000, 0x00000007c0000000)
  eden space 49152K, 100% used [0x000000076ab00000,0x000000076db00000,0x000000076db00000)
  from space 512K, 99% used [0x000000076dc00000,0x000000076dc7ed60,0x000000076dc80000)
  to   space 6656K, 0% used [0x000000076e180000,0x000000076e180000,0x000000076e800000)
 ParOldGen       total 175104K, used 5709K [0x00000006c0000000, 0x00000006cab00000, 0x000000076ab00000)
  object space 175104K, 3% used [0x00000006c0000000,0x00000006c05937e8,0x00000006cab00000)
 Metaspace       used 17646K, capacity 17948K, committed 18048K, reserved 1064960K
  class space    used 1825K, capacity 1902K, committed 1920K, reserved 1048576K
Event: 41.645 GC heap after
Heap after GC invocations=20 (full 0):
 PSYoungGen      total 52736K, used 884K [0x000000076ab00000, 0x000000076e600000, 0x00000007c0000000)
  eden space 48128K, 0% used [0x000000076ab00000,0x000000076ab00000,0x000000076da00000)
  from space 4608K, 19% used [0x000000076e180000,0x000000076e25d0d0,0x000000076e600000)
  to   space 6144K, 0% used [0x000000076da00000,0x000000076da00000,0x000000076e000000)
 ParOldGen       total 175104K, used 5709K [0x00000006c0000000, 0x00000006cab00000, 0x000000076ab00000)
  object space 175104K, 3% used [0x00000006c0000000,0x00000006c05937e8,0x00000006cab00000)
 Metaspace       used 17646K, capacity 17948K, committed 18048K, reserved 1064960K
  class space    used 1825K, capacity 1902K, committed 1920K, reserved 1048576K
}
Event: 43.642 GC heap before
{Heap before GC invocations=21 (full 0):
 PSYoungGen      total 52736K, used 49012K [0x000000076ab00000, 0x000000076e600000, 0x00000007c0000000)
  eden space 48128K, 100% used [0x000000076ab00000,0x000000076da00000,0x000000076da00000)
  from space 4608K, 19% used [0x000000076e180000,0x000000076e25d0d0,0x000000076e600000)
  to   space 6144K, 0% used [0x000000076da00000,0x000000076da00000,0x000000076e000000)
 ParOldGen       total 175104K, used 5709K [0x00000006c0000000, 0x00000006cab00000, 0x000000076ab00000)
  object space 175104K, 3% used [0x00000006c0000000,0x00000006c05937e8,0x00000006cab00000)
 Metaspace       used 17646K, capacity 17948K, committed 18048K, reserved 1064960K
  class space    used 1825K, capacity 1902K, committed 1920K, reserved 1048576K
Event: 43.643 GC heap after
Heap after GC invocations=21 (full 0):
 PSYoungGen      total 48128K, used 443K [0x000000076ab00000, 0x000000076e580000, 0x00000007c0000000)
  eden space 47616K, 0% used [0x000000076ab00000,0x000000076ab00000,0x000000076d980000)
  from space 512K, 86% used [0x000000076da00000,0x000000076da6ed60,0x000000076da80000)
  to   space 6144K, 0% used [0x000000076df80000,0x000000076df80000,0x000000076e580000)
 ParOldGen       total 175104K, used 6278K [0x00000006c0000000, 0x00000006cab00000, 0x000000076ab00000)
  object space 175104K, 3% used [0x00000006c0000000,0x00000006c0621ad0,0x00000006cab00000)
 Metaspace       used 17646K, capacity 17948K, committed 18048K, reserved 1064960K
  class space    used 1825K, capacity 1902K, committed 1920K, reserved 1048576K
}
Event: 45.371 GC heap before
{Heap before GC invocations=22 (full 0):
 PSYoungGen      total 48128K, used 48059K [0x000000076ab00000, 0x000000076e580000, 0x00000007c0000000)
  eden space 47616K, 100% used [0x000000076ab00000,0x000000076d980000,0x000000076d980000)
  from space 512K, 86% used [0x000000076da00000,0x000000076da6ed60,0x000000076da80000)
  to   space 6144K, 0% used [0x000000076df80000,0x000000076df80000,0x000000076e580000)
 ParOldGen       total 175104K, used 6278K [0x00000006c0000000, 0x00000006cab00000, 0x000000076ab00000)
  object space 175104K, 3% used [0x00000006c0000000,0x00000006c0621ad0,0x00000006cab00000)
 Metaspace       used 17647K, capacity 17948K, committed 18048K, reserved 1064960K
  class space    used 1825K, capacity 1902K, committed 1920K, reserved 1048576K
Event: 45.372 GC heap after
Heap after GC invocations=22 (full 0):
 PSYoungGen      total 51712K, used 544K [0x000000076ab00000, 0x000000076e400000, 0x00000007c0000000)
  eden space 47104K, 0% used [0x000000076ab00000,0x000000076ab00000,0x000000076d900000)
  from space 4608K, 11% used [0x000000076df80000,0x000000076e008110,0x000000076e400000)
  to   space 5632K, 0% used [0x000000076d900000,0x000000076d900000,0x000000076de80000)
 ParOldGen       total 175104K, used 6286K [0x00000006c0000000, 0x00000006cab00000, 0x000000076ab00000)
  object space 175104K, 3% used [0x00000006c0000000,0x00000006c0623ad0,0x00000006cab00000)
 Metaspace       used 17647K, capacity 17948K, committed 18048K, reserved 1064960K
  class space    used 1825K, capacity 1902K, committed 1920K, reserved 1048576K
}
Event: 46.079 GC heap before
{Heap before GC invocations=23 (full 0):
 PSYoungGen      total 51712K, used 47648K [0x000000076ab00000, 0x000000076e400000, 0x00000007c0000000)
  eden space 47104K, 100% used [0x000000076ab00000,0x000000076d900000,0x000000076d900000)
  from space 4608K, 11% used [0x000000076df80000,0x000000076e008110,0x000000076e400000)
  to   space 5632K, 0% used [0x000000076d900000,0x000000076d900000,0x000000076de80000)
 ParOldGen       total 175104K, used 6286K [0x00000006c0000000, 0x00000006cab00000, 0x000000076ab00000)
  object space 175104K, 3% used [0x00000006c0000000,0x00000006c0623ad0,0x00000006cab00000)
 Metaspace       used 17648K, capacity 17948K, committed 18048K, reserved 1064960K
  class space    used 1825K, capacity 1902K, committed 1920K, reserved 1048576K
Event: 46.081 GC heap after
Heap after GC invocations=23 (full 0):
 PSYoungGen      total 52224K, used 3411K [0x000000076ab00000, 0x000000076e480000, 0x00000007c0000000)
  eden space 46592K, 0% used [0x000000076ab00000,0x000000076ab00000,0x000000076d880000)
  from space 5632K, 60% used [0x000000076d900000,0x000000076dc54cf0,0x000000076de80000)
  to   space 6144K, 0% used [0x000000076de80000,0x000000076de80000,0x000000076e480000)
 ParOldGen       total 175104K, used 6606K [0x00000006c0000000, 0x00000006cab00000, 0x000000076ab00000)
  object space 175104K, 3% used [0x00000006c0000000,0x00000006c0673ad0,0x00000006cab00000)
 Metaspace       used 17648K, capacity 17948K, committed 18048K, reserved 1064960K
  class space    used 1825K, capacity 1902K, committed 1920K, reserved 1048576K
}

